Using pre-set license
Built from '2020.3/staging' branch; Version is '2020.3.25f1 (9b9180224418) revision 10195328'; Using compiler version '192528614'; Build Type 'Release'
OS: 'Windows 10  (10.0.19042) 64bit Professional' Language: 'en' Physical Memory: 16307 MB
BatchMode: 1, IsHumanControllingUs: 0, StartBugReporterOnCrash: 0, Is64bit: 1, IsPro: 0

COMMAND LINE ARGUMENTS:
C:\Program Files\Unity\Hub\Editor\2020.3.25f1\Editor\Unity.exe
-adb2
-batchMode
-noUpm
-name
AssetImportWorker0
-projectPath
C:/Users/Sherry/Desktop/My Course/Projects/Block Game
-logFile
Logs/AssetImportWorker0.log
-srvPort
52387
Successfully changed project path to: C:/Users/Sherry/Desktop/My Course/Projects/Block Game
C:/Users/Sherry/Desktop/My Course/Projects/Block Game
Using Asset Import Pipeline V2.
Refreshing native plugins compatible for Editor in 26.26 ms, found 2 plugins.
Preloading 0 native plugins for Editor in 0.00 ms.
Initialize engine version: 2020.3.25f1 (9b9180224418)
[Subsystems] Discovering subsystems at path C:/Program Files/Unity/Hub/Editor/2020.3.25f1/Editor/Data/Resources/UnitySubsystems
[Subsystems] Discovering subsystems at path C:/Users/Sherry/Desktop/My Course/Projects/Block Game/Assets
GfxDevice: creating device client; threaded=0
Direct3D:
    Version:  Direct3D 11.0 [level 11.1]
    Renderer: NVIDIA GeForce RTX 2060 (ID=0x1e89)
    Vendor:   
    VRAM:     5968 MB
    Driver:   30.0.15.1123
Initialize mono
Mono path[0] = 'C:/Program Files/Unity/Hub/Editor/2020.3.25f1/Editor/Data/Managed'
Mono path[1] = 'C:/Program Files/Unity/Hub/Editor/2020.3.25f1/Editor/Data/MonoBleedingEdge/lib/mono/unityjit'
Mono config path = 'C:/Program Files/Unity/Hub/Editor/2020.3.25f1/Editor/Data/MonoBleedingEdge/etc'
Using monoOptions --debugger-agent=transport=dt_socket,embedding=1,server=y,suspend=n,address=127.0.0.1:56604
Begin MonoManager ReloadAssembly
Registering precompiled unity dll's ...
Register platform support module: C:/Program Files/Unity/Hub/Editor/2020.3.25f1/Editor/Data/PlaybackEngines/WebGLSupport/UnityEditor.WebGL.Extensions.dll
Register platform support module: C:/Program Files/Unity/Hub/Editor/2020.3.25f1/Editor/Data/PlaybackEngines/WindowsStandaloneSupport/UnityEditor.WindowsStandalone.Extensions.dll
Registered in 0.001427 seconds.
Native extension for WindowsStandalone target not found
Native extension for WebGL target not found
Refreshing native plugins compatible for Editor in 25.92 ms, found 2 plugins.
Preloading 0 native plugins for Editor in 0.00 ms.
Mono: successfully reloaded assembly
- Completed reload, in  0.442 seconds
Domain Reload Profiling:
	ReloadAssembly (442ms)
		BeginReloadAssembly (39ms)
			ExecutionOrderSort (0ms)
			DisableScriptedObjects (0ms)
			BackupInstance (0ms)
			ReleaseScriptingObjects (0ms)
			CreateAndSetChildDomain (1ms)
		EndReloadAssembly (344ms)
			LoadAssemblies (38ms)
			RebuildTransferFunctionScriptingTraits (0ms)
			SetupTypeCache (116ms)
			ReleaseScriptCaches (0ms)
			RebuildScriptCaches (24ms)
			SetupLoadedEditorAssemblies (128ms)
				LogAssemblyErrors (0ms)
				InitializePlatformSupportModulesInManaged (4ms)
				SetLoadedEditorAssemblies (0ms)
				RefreshPlugins (26ms)
				BeforeProcessingInitializeOnLoad (13ms)
				ProcessInitializeOnLoadAttributes (63ms)
				ProcessInitializeOnLoadMethodAttributes (21ms)
				AfterProcessingInitializeOnLoad (0ms)
				EditorAssembliesLoaded (0ms)
			ExecutionOrderSort2 (0ms)
			AwakeInstancesAfterBackupRestoration (0ms)
Platform modules already initialized, skipping
Registering precompiled user dll's ...
Registered in 0.002835 seconds.
Begin MonoManager ReloadAssembly
Native extension for WindowsStandalone target not found
Native extension for WebGL target not found
Refreshing native plugins compatible for Editor in 0.33 ms, found 2 plugins.
Preloading 0 native plugins for Editor in 0.00 ms.
Mono: successfully reloaded assembly
- Completed reload, in  0.781 seconds
Domain Reload Profiling:
	ReloadAssembly (782ms)
		BeginReloadAssembly (113ms)
			ExecutionOrderSort (0ms)
			DisableScriptedObjects (4ms)
			BackupInstance (0ms)
			ReleaseScriptingObjects (0ms)
			CreateAndSetChildDomain (16ms)
		EndReloadAssembly (620ms)
			LoadAssemblies (63ms)
			RebuildTransferFunctionScriptingTraits (0ms)
			SetupTypeCache (217ms)
			ReleaseScriptCaches (0ms)
			RebuildScriptCaches (34ms)
			SetupLoadedEditorAssemblies (231ms)
				LogAssemblyErrors (0ms)
				InitializePlatformSupportModulesInManaged (4ms)
				SetLoadedEditorAssemblies (0ms)
				RefreshPlugins (0ms)
				BeforeProcessingInitializeOnLoad (59ms)
				ProcessInitializeOnLoadAttributes (156ms)
				ProcessInitializeOnLoadMethodAttributes (6ms)
				AfterProcessingInitializeOnLoad (4ms)
				EditorAssembliesLoaded (0ms)
			ExecutionOrderSort2 (0ms)
			AwakeInstancesAfterBackupRestoration (5ms)
Platform modules already initialized, skipping
========================================================================
Worker process is ready to serve import requests
Launched and connected shader compiler UnityShaderCompiler.exe after 0.04 seconds
Refreshing native plugins compatible for Editor in 0.39 ms, found 2 plugins.
Preloading 0 native plugins for Editor in 0.00 ms.
Unloading 1500 Unused Serialized files (Serialized files now loaded: 0)
System memory in use before: 67.4 MB.
System memory in use after: 67.5 MB.

Unloading 19 unused Assets to reduce memory usage. Loaded Objects now: 1932.
Total: 3.350200 ms (FindLiveObjects: 0.133000 ms CreateObjectMapping: 0.038900 ms MarkObjects: 3.108600 ms  DeleteObjects: 0.068600 ms)

AssetImportParameters requested are different than current active one (requested -> active):
  custom:framework-win-MediaFoundation: 216162199b28c13a410421893ffa2e32 -> 
  custom:video-decoder-ogg-theora: a1e56fd34408186e4bbccfd4996cb3dc -> 
  custom:container-muxer-webm: aa71ff27fc2769a1b78a27578f13a17b -> 
  custom:container-demuxer-webm: 4f35f7cbe854078d1ac9338744f61a02 -> 
  custom:container-demuxer-ogg: 62fdf1f143b41e24485cea50d1cbac27 -> 
  custom:video-encoder-webm-vp8: eb34c28f22e8b96e1ab97ce403110664 -> 
  custom:video-decoder-webm-vp8: 9c59270c3fd7afecdb556c50c9e8de78 -> 
  custom:audio-decoder-ogg-vorbis: bf7c407c2cedff20999df2af8eb42d56 -> 
  custom:audio-encoder-webm-vorbis: bf7c407c2cedff20999df2af8eb42d56 -> 
========================================================================
Received Import Request.
  path: Assets/Scenes/SampleScene.unity
  artifactKey: Guid(9fc0d4010bbf28b4594072e72b8655ab) Importer(815301076,1909f56bfc062723c751e8b465ee728b)
Start importing Assets/Scenes/SampleScene.unity using Guid(9fc0d4010bbf28b4594072e72b8655ab) Importer(815301076,1909f56bfc062723c751e8b465ee728b)  -> (artifact id: '85059f4f9e1a832ed95adaa0d25c5c4c') in 0.015953 seconds 
  Import took 0.017967 seconds .

========================================================================
Received Prepare
Registering precompiled user dll's ...
Registered in 0.002651 seconds.
Begin MonoManager ReloadAssembly
Native extension for WindowsStandalone target not found
Native extension for WebGL target not found
Refreshing native plugins compatible for Editor in 0.33 ms, found 2 plugins.
Preloading 0 native plugins for Editor in 0.00 ms.
Mono: successfully reloaded assembly
- Completed reload, in  0.755 seconds
Domain Reload Profiling:
	ReloadAssembly (755ms)
		BeginReloadAssembly (88ms)
			ExecutionOrderSort (0ms)
			DisableScriptedObjects (4ms)
			BackupInstance (0ms)
			ReleaseScriptingObjects (0ms)
			CreateAndSetChildDomain (28ms)
		EndReloadAssembly (616ms)
			LoadAssemblies (65ms)
			RebuildTransferFunctionScriptingTraits (0ms)
			SetupTypeCache (229ms)
			ReleaseScriptCaches (1ms)
			RebuildScriptCaches (30ms)
			SetupLoadedEditorAssemblies (219ms)
				LogAssemblyErrors (0ms)
				InitializePlatformSupportModulesInManaged (5ms)
				SetLoadedEditorAssemblies (0ms)
				RefreshPlugins (0ms)
				BeforeProcessingInitializeOnLoad (61ms)
				ProcessInitializeOnLoadAttributes (143ms)
				ProcessInitializeOnLoadMethodAttributes (6ms)
				AfterProcessingInitializeOnLoad (4ms)
				EditorAssembliesLoaded (0ms)
			ExecutionOrderSort2 (0ms)
			AwakeInstancesAfterBackupRestoration (5ms)
Platform modules already initialized, skipping
Refreshing native plugins compatible for Editor in 0.34 ms, found 2 plugins.
Preloading 0 native plugins for Editor in 0.00 ms.
Unloading 1499 Unused Serialized files (Serialized files now loaded: 0)
System memory in use before: 67.4 MB.
System memory in use after: 67.5 MB.

Unloading 14 unused Assets to reduce memory usage. Loaded Objects now: 1939.
Total: 2.306600 ms (FindLiveObjects: 0.119400 ms CreateObjectMapping: 0.035700 ms MarkObjects: 2.139700 ms  DeleteObjects: 0.011100 ms)

AssetImportParameters requested are different than current active one (requested -> active):
  custom:framework-win-MediaFoundation: 216162199b28c13a410421893ffa2e32 -> 
  custom:video-decoder-ogg-theora: a1e56fd34408186e4bbccfd4996cb3dc -> 
  custom:container-muxer-webm: aa71ff27fc2769a1b78a27578f13a17b -> 
  custom:container-demuxer-webm: 4f35f7cbe854078d1ac9338744f61a02 -> 
  custom:container-demuxer-ogg: 62fdf1f143b41e24485cea50d1cbac27 -> 
  custom:video-encoder-webm-vp8: eb34c28f22e8b96e1ab97ce403110664 -> 
  custom:video-decoder-webm-vp8: 9c59270c3fd7afecdb556c50c9e8de78 -> 
  custom:audio-decoder-ogg-vorbis: bf7c407c2cedff20999df2af8eb42d56 -> 
  custom:audio-encoder-webm-vorbis: bf7c407c2cedff20999df2af8eb42d56 -> 
========================================================================
Received Import Request.
  Time since last request: 17.483546 seconds.
  path: Assets/Block Game/BlockGame Scene.unity
  artifactKey: Guid(ea820bc6d0b7ec649a69d9e695f6d41e) Importer(815301076,1909f56bfc062723c751e8b465ee728b)
Start importing Assets/Block Game/BlockGame Scene.unity using Guid(ea820bc6d0b7ec649a69d9e695f6d41e) Importer(815301076,1909f56bfc062723c751e8b465ee728b)  -> (artifact id: 'cc63a86f3336b5a1649aa22b1ab0d5e3') in 0.013916 seconds 
  Import took 0.016154 seconds .

========================================================================
Received Import Request.
  Time since last request: 13.991415 seconds.
  path: Assets/Block Game/Prefabs
  artifactKey: Guid(c478574fd652d2345a315f17f32192c7) Importer(815301076,1909f56bfc062723c751e8b465ee728b)
Start importing Assets/Block Game/Prefabs using Guid(c478574fd652d2345a315f17f32192c7) Importer(815301076,1909f56bfc062723c751e8b465ee728b)  -> (artifact id: '631597448b6a2c8613a931ac5c6fdbb0') in 0.006621 seconds 
  Import took 0.008736 seconds .

========================================================================
Received Import Request.
  Time since last request: 0.100555 seconds.
  path: Assets/Block Game/Prefabs/Blocks (1).prefab
  artifactKey: Guid(04b936f65491aa546a988d2ab0f31842) Importer(815301076,1909f56bfc062723c751e8b465ee728b)
Start importing Assets/Block Game/Prefabs/Blocks (1).prefab using Guid(04b936f65491aa546a988d2ab0f31842) Importer(815301076,1909f56bfc062723c751e8b465ee728b)  -> (artifact id: '7ef26367ea23441037accdd9553b9bab') in 0.069568 seconds 
  Import took 0.071761 seconds .

========================================================================
Received Import Request.
  Time since last request: 0.000152 seconds.
  path: Assets/Block Game/Prefabs/Blocks (2).prefab
  artifactKey: Guid(620258cc376d1aa46bcd491f02247542) Importer(815301076,1909f56bfc062723c751e8b465ee728b)
Start importing Assets/Block Game/Prefabs/Blocks (2).prefab using Guid(620258cc376d1aa46bcd491f02247542) Importer(815301076,1909f56bfc062723c751e8b465ee728b)  -> (artifact id: '7eb599cf63ad043045bdc8e70ed88923') in 0.010438 seconds 
  Import took 0.012327 seconds .

========================================================================
Received Import Request.
  Time since last request: 0.000146 seconds.
  path: Assets/Block Game/Prefabs/Blocks.prefab
  artifactKey: Guid(a09a836cecd1abb4fa2f10d00e87de64) Importer(815301076,1909f56bfc062723c751e8b465ee728b)
Start importing Assets/Block Game/Prefabs/Blocks.prefab using Guid(a09a836cecd1abb4fa2f10d00e87de64) Importer(815301076,1909f56bfc062723c751e8b465ee728b)  -> (artifact id: '9ab52a3fd4eff396fda866ea6e9e6ab0') in 0.010188 seconds 
  Import took 0.012074 seconds .

========================================================================
Received Import Request.
  Time since last request: 3.601472 seconds.
  path: Assets/Block Game/Scripts
  artifactKey: Guid(35d4c7dd072276e4a939dd3a382983d0) Importer(815301076,1909f56bfc062723c751e8b465ee728b)
Start importing Assets/Block Game/Scripts using Guid(35d4c7dd072276e4a939dd3a382983d0) Importer(815301076,1909f56bfc062723c751e8b465ee728b)  -> (artifact id: '2c1923a1ef0c2c19de266cd09e1ea33c') in 0.004960 seconds 
  Import took 0.007127 seconds .

========================================================================
Received Import Request.
  Time since last request: 2.457030 seconds.
  path: Assets/Block Game
  artifactKey: Guid(e88dd87e5998dc544a79b0152d622ad5) Importer(815301076,1909f56bfc062723c751e8b465ee728b)
Start importing Assets/Block Game using Guid(e88dd87e5998dc544a79b0152d622ad5) Importer(815301076,1909f56bfc062723c751e8b465ee728b)  -> (artifact id: '898120c8d936db14e4779d67f141d1b1') in 0.005738 seconds 
  Import took 0.008176 seconds .

========================================================================
Received Import Request.
  Time since last request: 27.674855 seconds.
  path: Assets/Block Game/Materials
  artifactKey: Guid(565171ac24962e749bfc06ba34c0682c) Importer(815301076,1909f56bfc062723c751e8b465ee728b)
Start importing Assets/Block Game/Materials using Guid(565171ac24962e749bfc06ba34c0682c) Importer(815301076,1909f56bfc062723c751e8b465ee728b)  -> (artifact id: '659840358001dd714b4074c56d02da5b') in 0.004837 seconds 
  Import took 0.007371 seconds .

========================================================================
Received Import Request.
  Time since last request: 7.821764 seconds.
  path: Assets/Block Game/Materials/Blood Red.png
  artifactKey: Guid(50ba639dbc50daf4fa9c0b030c4941bd) Importer(815301076,1909f56bfc062723c751e8b465ee728b)
Start importing Assets/Block Game/Materials/Blood Red.png using Guid(50ba639dbc50daf4fa9c0b030c4941bd) Importer(815301076,1909f56bfc062723c751e8b465ee728b)  -> (artifact id: '8fa08fe4d0150f975644abf43cd31798') in 0.041525 seconds 
  Import took 0.043729 seconds .

========================================================================
Received Import Request.
  Time since last request: 0.000130 seconds.
  path: Assets/Block Game/Materials/Light Sea Green.png
  artifactKey: Guid(11e1a80fee934af4c81e812d627a2bab) Importer(815301076,1909f56bfc062723c751e8b465ee728b)
Start importing Assets/Block Game/Materials/Light Sea Green.png using Guid(11e1a80fee934af4c81e812d627a2bab) Importer(815301076,1909f56bfc062723c751e8b465ee728b)  -> (artifact id: '138e9f6f82b940dc96971c3889d65d04') in 0.014490 seconds 
  Import took 0.016359 seconds .

========================================================================
Received Import Request.
  Time since last request: 0.000183 seconds.
  path: Assets/Block Game/Materials/SeaGreen.png
  artifactKey: Guid(4f7fa43f736e0044d8d62306b4391d17) Importer(815301076,1909f56bfc062723c751e8b465ee728b)
Start importing Assets/Block Game/Materials/SeaGreen.png using Guid(4f7fa43f736e0044d8d62306b4391d17) Importer(815301076,1909f56bfc062723c751e8b465ee728b)  -> (artifact id: '8f9ddc9b0a16602417ecf98008118b27') in 0.016427 seconds 
  Import took 0.018616 seconds .

========================================================================
Received Import Request.
  Time since last request: 0.000141 seconds.
  path: Assets/Block Game/Materials/Yellow.png
  artifactKey: Guid(15e3cc4b9d44cce43a179470a8cf8d53) Importer(815301076,1909f56bfc062723c751e8b465ee728b)
Start importing Assets/Block Game/Materials/Yellow.png using Guid(15e3cc4b9d44cce43a179470a8cf8d53) Importer(815301076,1909f56bfc062723c751e8b465ee728b)  -> (artifact id: '4d03eb987e747ec108f60e2fc7519210') in 0.014315 seconds 
  Import took 0.016223 seconds .

========================================================================
Received Import Request.
  Time since last request: 0.000176 seconds.
  path: Assets/Block Game/Materials/Purple.png
  artifactKey: Guid(4067f4d7dbe4dae4e89f8dd728fc105a) Importer(815301076,1909f56bfc062723c751e8b465ee728b)
Start importing Assets/Block Game/Materials/Purple.png using Guid(4067f4d7dbe4dae4e89f8dd728fc105a) Importer(815301076,1909f56bfc062723c751e8b465ee728b)  -> (artifact id: 'a194eee0341ffb58b760d7a4200803f1') in 0.013816 seconds 
  Import took 0.015695 seconds .

========================================================================
Received Import Request.
  Time since last request: 0.000170 seconds.
  path: Assets/Block Game/Materials/download.png
  artifactKey: Guid(f377e578d365c8f4a8a96f96e5bda935) Importer(815301076,1909f56bfc062723c751e8b465ee728b)
Start importing Assets/Block Game/Materials/download.png using Guid(f377e578d365c8f4a8a96f96e5bda935) Importer(815301076,1909f56bfc062723c751e8b465ee728b)  -> (artifact id: '7797ba11b5a95f80c54847affa277c97') in 0.013841 seconds 
  Import took 0.016035 seconds .

========================================================================
Received Import Request.
  Time since last request: 0.000135 seconds.
  path: Assets/Block Game/Materials/Red.png
  artifactKey: Guid(211810ab1c1baef44bcdda0b608c7d52) Importer(815301076,1909f56bfc062723c751e8b465ee728b)
Start importing Assets/Block Game/Materials/Red.png using Guid(211810ab1c1baef44bcdda0b608c7d52) Importer(815301076,1909f56bfc062723c751e8b465ee728b)  -> (artifact id: '4d22e608d1b70a4a382a97be0713dabf') in 0.014261 seconds 
  Import took 0.016160 seconds .

========================================================================
Received Import Request.
  Time since last request: 0.000171 seconds.
  path: Assets/Block Game/Materials/Light Blue.png
  artifactKey: Guid(7548f34fc73cce84a967062ff1e1fc25) Importer(815301076,1909f56bfc062723c751e8b465ee728b)
Start importing Assets/Block Game/Materials/Light Blue.png using Guid(7548f34fc73cce84a967062ff1e1fc25) Importer(815301076,1909f56bfc062723c751e8b465ee728b)  -> (artifact id: 'b166ade2f671122d4e887614f6ba47dc') in 0.013406 seconds 
  Import took 0.015602 seconds .

========================================================================
Received Import Request.
  Time since last request: 5.332182 seconds.
  path: Assets/Block Game/Materials/Materials
  artifactKey: Guid(523dd2a6fde62fc40b40ab9a24a9444d) Importer(815301076,1909f56bfc062723c751e8b465ee728b)
Start importing Assets/Block Game/Materials/Materials using Guid(523dd2a6fde62fc40b40ab9a24a9444d) Importer(815301076,1909f56bfc062723c751e8b465ee728b)  -> (artifact id: 'fc2984822d65615989f00254929118a5') in 0.001838 seconds 
  Import took 0.004151 seconds .

========================================================================
Received Prepare
Registering precompiled user dll's ...
Registered in 0.002632 seconds.
Begin MonoManager ReloadAssembly
Native extension for WindowsStandalone target not found
Native extension for WebGL target not found
Refreshing native plugins compatible for Editor in 0.33 ms, found 2 plugins.
Preloading 0 native plugins for Editor in 0.00 ms.
Mono: successfully reloaded assembly
- Completed reload, in  0.721 seconds
Domain Reload Profiling:
	ReloadAssembly (721ms)
		BeginReloadAssembly (81ms)
			ExecutionOrderSort (0ms)
			DisableScriptedObjects (3ms)
			BackupInstance (0ms)
			ReleaseScriptingObjects (0ms)
			CreateAndSetChildDomain (25ms)
		EndReloadAssembly (589ms)
			LoadAssemblies (64ms)
			RebuildTransferFunctionScriptingTraits (0ms)
			SetupTypeCache (210ms)
			ReleaseScriptCaches (1ms)
			RebuildScriptCaches (30ms)
			SetupLoadedEditorAssemblies (213ms)
				LogAssemblyErrors (0ms)
				InitializePlatformSupportModulesInManaged (4ms)
				SetLoadedEditorAssemblies (0ms)
				RefreshPlugins (0ms)
				BeforeProcessingInitializeOnLoad (55ms)
				ProcessInitializeOnLoadAttributes (143ms)
				ProcessInitializeOnLoadMethodAttributes (6ms)
				AfterProcessingInitializeOnLoad (4ms)
				EditorAssembliesLoaded (0ms)
			ExecutionOrderSort2 (0ms)
			AwakeInstancesAfterBackupRestoration (5ms)
Platform modules already initialized, skipping
Refreshing native plugins compatible for Editor in 0.26 ms, found 2 plugins.
Preloading 0 native plugins for Editor in 0.00 ms.
Unloading 1499 Unused Serialized files (Serialized files now loaded: 0)
System memory in use before: 70.6 MB.
System memory in use after: 70.7 MB.

Unloading 14 unused Assets to reduce memory usage. Loaded Objects now: 1952.
Total: 2.361400 ms (FindLiveObjects: 0.122900 ms CreateObjectMapping: 0.033200 ms MarkObjects: 2.191600 ms  DeleteObjects: 0.012600 ms)

AssetImportParameters requested are different than current active one (requested -> active):
  custom:framework-win-MediaFoundation: 216162199b28c13a410421893ffa2e32 -> 
  custom:video-decoder-ogg-theora: a1e56fd34408186e4bbccfd4996cb3dc -> 
  custom:container-muxer-webm: aa71ff27fc2769a1b78a27578f13a17b -> 
  custom:container-demuxer-webm: 4f35f7cbe854078d1ac9338744f61a02 -> 
  custom:container-demuxer-ogg: 62fdf1f143b41e24485cea50d1cbac27 -> 
  custom:video-encoder-webm-vp8: eb34c28f22e8b96e1ab97ce403110664 -> 
  custom:video-decoder-webm-vp8: 9c59270c3fd7afecdb556c50c9e8de78 -> 
  custom:audio-decoder-ogg-vorbis: bf7c407c2cedff20999df2af8eb42d56 -> 
  custom:audio-encoder-webm-vorbis: bf7c407c2cedff20999df2af8eb42d56 -> 
========================================================================
Received Import Request.
  Time since last request: 81.353227 seconds.
  path: Assets/Block Game/Scripts/BigBlockController.cs
  artifactKey: Guid(a145f46ec9595a24c81ce23ce9b28e45) Importer(815301076,1909f56bfc062723c751e8b465ee728b)
Start importing Assets/Block Game/Scripts/BigBlockController.cs using Guid(a145f46ec9595a24c81ce23ce9b28e45) Importer(815301076,1909f56bfc062723c751e8b465ee728b)  -> (artifact id: '85296701552f25d07357fcd0828df96b') in 0.009829 seconds 
  Import took 0.012010 seconds .

========================================================================
Received Import Request.
  Time since last request: 5.124497 seconds.
  path: Assets/Block Game/Scripts/BlockController.cs
  artifactKey: Guid(b35bba5a0baaa184088402d31befedce) Importer(815301076,1909f56bfc062723c751e8b465ee728b)
Start importing Assets/Block Game/Scripts/BlockController.cs using Guid(b35bba5a0baaa184088402d31befedce) Importer(815301076,1909f56bfc062723c751e8b465ee728b)  -> (artifact id: '37afed3523a8500271963465c8ccde6a') in 0.006835 seconds 
  Import took 0.009514 seconds .

========================================================================
Received Import Request.
  Time since last request: 1.562171 seconds.
  path: Assets/Block Game/Scripts/DestroyBlocks.cs
  artifactKey: Guid(963843540a122614da066522e545e282) Importer(815301076,1909f56bfc062723c751e8b465ee728b)
Start importing Assets/Block Game/Scripts/DestroyBlocks.cs using Guid(963843540a122614da066522e545e282) Importer(815301076,1909f56bfc062723c751e8b465ee728b)  -> (artifact id: '3d366fba0671c130c0a9ce482fc1c74d') in 0.009978 seconds 
  Import took 0.012917 seconds .

========================================================================
Received Import Request.
  Time since last request: 1.566412 seconds.
  path: Assets/Block Game/Scripts/DetectBlockCollisions.cs
  artifactKey: Guid(5e2ae94eee4eec74982ef9d7548f7714) Importer(815301076,1909f56bfc062723c751e8b465ee728b)
Start importing Assets/Block Game/Scripts/DetectBlockCollisions.cs using Guid(5e2ae94eee4eec74982ef9d7548f7714) Importer(815301076,1909f56bfc062723c751e8b465ee728b)  -> (artifact id: 'f455733e0e9f316b0fd37dd75302a531') in 0.005199 seconds 
  Import took 0.007558 seconds .

========================================================================
Received Import Request.
  Time since last request: 2.098050 seconds.
  path: Assets/Block Game/Scripts/SpawnBlock.cs
  artifactKey: Guid(dfa433c6804293340985abf5fe1a94c4) Importer(815301076,1909f56bfc062723c751e8b465ee728b)
Start importing Assets/Block Game/Scripts/SpawnBlock.cs using Guid(dfa433c6804293340985abf5fe1a94c4) Importer(815301076,1909f56bfc062723c751e8b465ee728b)  -> (artifact id: 'ca4bfc09b4f54e372432e30678f20fe3') in 0.004981 seconds 
  Import took 0.007164 seconds .

========================================================================
Received Import Request.
  Time since last request: 41.593270 seconds.
  path: Assets/Block Game/Scripts/SpawnBlock.cs
  artifactKey: Guid(dfa433c6804293340985abf5fe1a94c4) Importer(815301076,1909f56bfc062723c751e8b465ee728b)
Start importing Assets/Block Game/Scripts/SpawnBlock.cs using Guid(dfa433c6804293340985abf5fe1a94c4) Importer(815301076,1909f56bfc062723c751e8b465ee728b)  -> (artifact id: 'f409e8da8477af37f30ae0a8a51191b8') in 0.001720 seconds 
  Import took 0.003988 seconds .

========================================================================
Received Prepare
Registering precompiled user dll's ...
Registered in 0.002652 seconds.
Begin MonoManager ReloadAssembly
Native extension for WindowsStandalone target not found
Native extension for WebGL target not found
Refreshing native plugins compatible for Editor in 0.33 ms, found 2 plugins.
Preloading 0 native plugins for Editor in 0.00 ms.
Mono: successfully reloaded assembly
- Completed reload, in  0.734 seconds
Domain Reload Profiling:
	ReloadAssembly (734ms)
		BeginReloadAssembly (82ms)
			ExecutionOrderSort (0ms)
			DisableScriptedObjects (4ms)
			BackupInstance (0ms)
			ReleaseScriptingObjects (0ms)
			CreateAndSetChildDomain (25ms)
		EndReloadAssembly (601ms)
			LoadAssemblies (66ms)
			RebuildTransferFunctionScriptingTraits (0ms)
			SetupTypeCache (216ms)
			ReleaseScriptCaches (1ms)
			RebuildScriptCaches (30ms)
			SetupLoadedEditorAssemblies (215ms)
				LogAssemblyErrors (0ms)
				InitializePlatformSupportModulesInManaged (4ms)
				SetLoadedEditorAssemblies (0ms)
				RefreshPlugins (0ms)
				BeforeProcessingInitializeOnLoad (56ms)
				ProcessInitializeOnLoadAttributes (144ms)
				ProcessInitializeOnLoadMethodAttributes (6ms)
				AfterProcessingInitializeOnLoad (4ms)
				EditorAssembliesLoaded (0ms)
			ExecutionOrderSort2 (0ms)
			AwakeInstancesAfterBackupRestoration (5ms)
Platform modules already initialized, skipping
Refreshing native plugins compatible for Editor in 0.31 ms, found 2 plugins.
Preloading 0 native plugins for Editor in 0.00 ms.
Unloading 1499 Unused Serialized files (Serialized files now loaded: 0)
System memory in use before: 70.6 MB.
System memory in use after: 70.7 MB.

Unloading 14 unused Assets to reduce memory usage. Loaded Objects now: 1954.
Total: 2.400600 ms (FindLiveObjects: 0.114500 ms CreateObjectMapping: 0.033600 ms MarkObjects: 2.238600 ms  DeleteObjects: 0.013000 ms)

AssetImportParameters requested are different than current active one (requested -> active):
  custom:framework-win-MediaFoundation: 216162199b28c13a410421893ffa2e32 -> 
  custom:video-decoder-ogg-theora: a1e56fd34408186e4bbccfd4996cb3dc -> 
  custom:container-muxer-webm: aa71ff27fc2769a1b78a27578f13a17b -> 
  custom:container-demuxer-webm: 4f35f7cbe854078d1ac9338744f61a02 -> 
  custom:container-demuxer-ogg: 62fdf1f143b41e24485cea50d1cbac27 -> 
  custom:video-encoder-webm-vp8: eb34c28f22e8b96e1ab97ce403110664 -> 
  custom:video-decoder-webm-vp8: 9c59270c3fd7afecdb556c50c9e8de78 -> 
  custom:audio-decoder-ogg-vorbis: bf7c407c2cedff20999df2af8eb42d56 -> 
  custom:audio-encoder-webm-vorbis: bf7c407c2cedff20999df2af8eb42d56 -> 
========================================================================
Received Prepare
Registering precompiled user dll's ...
Registered in 0.002768 seconds.
Begin MonoManager ReloadAssembly
Native extension for WindowsStandalone target not found
Native extension for WebGL target not found
Refreshing native plugins compatible for Editor in 0.38 ms, found 2 plugins.
Preloading 0 native plugins for Editor in 0.00 ms.
Mono: successfully reloaded assembly
- Completed reload, in  0.717 seconds
Domain Reload Profiling:
	ReloadAssembly (717ms)
		BeginReloadAssembly (79ms)
			ExecutionOrderSort (0ms)
			DisableScriptedObjects (4ms)
			BackupInstance (0ms)
			ReleaseScriptingObjects (0ms)
			CreateAndSetChildDomain (24ms)
		EndReloadAssembly (587ms)
			LoadAssemblies (64ms)
			RebuildTransferFunctionScriptingTraits (0ms)
			SetupTypeCache (210ms)
			ReleaseScriptCaches (1ms)
			RebuildScriptCaches (30ms)
			SetupLoadedEditorAssemblies (210ms)
				LogAssemblyErrors (0ms)
				InitializePlatformSupportModulesInManaged (4ms)
				SetLoadedEditorAssemblies (1ms)
				RefreshPlugins (0ms)
				BeforeProcessingInitializeOnLoad (55ms)
				ProcessInitializeOnLoadAttributes (140ms)
				ProcessInitializeOnLoadMethodAttributes (6ms)
				AfterProcessingInitializeOnLoad (4ms)
				EditorAssembliesLoaded (0ms)
			ExecutionOrderSort2 (0ms)
			AwakeInstancesAfterBackupRestoration (5ms)
Platform modules already initialized, skipping
Refreshing native plugins compatible for Editor in 0.33 ms, found 2 plugins.
Preloading 0 native plugins for Editor in 0.00 ms.
Unloading 1499 Unused Serialized files (Serialized files now loaded: 0)
System memory in use before: 70.6 MB.
System memory in use after: 70.7 MB.

Unloading 14 unused Assets to reduce memory usage. Loaded Objects now: 1956.
Total: 2.882900 ms (FindLiveObjects: 0.237800 ms CreateObjectMapping: 0.045200 ms MarkObjects: 2.578100 ms  DeleteObjects: 0.020500 ms)

AssetImportParameters requested are different than current active one (requested -> active):
  custom:framework-win-MediaFoundation: 216162199b28c13a410421893ffa2e32 -> 
  custom:video-decoder-ogg-theora: a1e56fd34408186e4bbccfd4996cb3dc -> 
  custom:container-muxer-webm: aa71ff27fc2769a1b78a27578f13a17b -> 
  custom:container-demuxer-webm: 4f35f7cbe854078d1ac9338744f61a02 -> 
  custom:container-demuxer-ogg: 62fdf1f143b41e24485cea50d1cbac27 -> 
  custom:video-encoder-webm-vp8: eb34c28f22e8b96e1ab97ce403110664 -> 
  custom:video-decoder-webm-vp8: 9c59270c3fd7afecdb556c50c9e8de78 -> 
  custom:audio-decoder-ogg-vorbis: bf7c407c2cedff20999df2af8eb42d56 -> 
  custom:audio-encoder-webm-vorbis: bf7c407c2cedff20999df2af8eb42d56 -> 
========================================================================
Received Import Request.
  Time since last request: 115.417303 seconds.
  path: Assets/Block Game/Prefabs/Blocks (1).prefab
  artifactKey: Guid(04b936f65491aa546a988d2ab0f31842) Importer(815301076,1909f56bfc062723c751e8b465ee728b)
Start importing Assets/Block Game/Prefabs/Blocks (1).prefab using Guid(04b936f65491aa546a988d2ab0f31842) Importer(815301076,1909f56bfc062723c751e8b465ee728b)  -> (artifact id: '7a89bbaba547597d2a5e966f61e39a97') in 0.047672 seconds 
  Import took 0.050039 seconds .

========================================================================
Received Import Request.
  Time since last request: 0.000175 seconds.
  path: Assets/Block Game/Prefabs/Blocks (2).prefab
  artifactKey: Guid(620258cc376d1aa46bcd491f02247542) Importer(815301076,1909f56bfc062723c751e8b465ee728b)
Start importing Assets/Block Game/Prefabs/Blocks (2).prefab using Guid(620258cc376d1aa46bcd491f02247542) Importer(815301076,1909f56bfc062723c751e8b465ee728b)  -> (artifact id: '14410f9c35add93a4dccd7ae0a137779') in 0.016463 seconds 
  Import took 0.018684 seconds .

========================================================================
Received Import Request.
  Time since last request: 0.000151 seconds.
  path: Assets/Block Game/Prefabs/Blocks.prefab
  artifactKey: Guid(a09a836cecd1abb4fa2f10d00e87de64) Importer(815301076,1909f56bfc062723c751e8b465ee728b)
Start importing Assets/Block Game/Prefabs/Blocks.prefab using Guid(a09a836cecd1abb4fa2f10d00e87de64) Importer(815301076,1909f56bfc062723c751e8b465ee728b)  -> (artifact id: '1b509e86f6a735050d4e3744b2894e6f') in 0.014172 seconds 
  Import took 0.016265 seconds .

========================================================================
Received Prepare
Registering precompiled user dll's ...
Registered in 0.002705 seconds.
Begin MonoManager ReloadAssembly
Native extension for WindowsStandalone target not found
Native extension for WebGL target not found
Refreshing native plugins compatible for Editor in 0.33 ms, found 2 plugins.
Preloading 0 native plugins for Editor in 0.00 ms.
Mono: successfully reloaded assembly
- Completed reload, in  0.724 seconds
Domain Reload Profiling:
	ReloadAssembly (724ms)
		BeginReloadAssembly (80ms)
			ExecutionOrderSort (0ms)
			DisableScriptedObjects (3ms)
			BackupInstance (0ms)
			ReleaseScriptingObjects (0ms)
			CreateAndSetChildDomain (24ms)
		EndReloadAssembly (595ms)
			LoadAssemblies (63ms)
			RebuildTransferFunctionScriptingTraits (0ms)
			SetupTypeCache (217ms)
			ReleaseScriptCaches (1ms)
			RebuildScriptCaches (31ms)
			SetupLoadedEditorAssemblies (211ms)
				LogAssemblyErrors (0ms)
				InitializePlatformSupportModulesInManaged (4ms)
				SetLoadedEditorAssemblies (0ms)
				RefreshPlugins (0ms)
				BeforeProcessingInitializeOnLoad (55ms)
				ProcessInitializeOnLoadAttributes (142ms)
				ProcessInitializeOnLoadMethodAttributes (6ms)
				AfterProcessingInitializeOnLoad (4ms)
				EditorAssembliesLoaded (0ms)
			ExecutionOrderSort2 (0ms)
			AwakeInstancesAfterBackupRestoration (5ms)
Platform modules already initialized, skipping
Refreshing native plugins compatible for Editor in 0.31 ms, found 2 plugins.
Preloading 0 native plugins for Editor in 0.00 ms.
Unloading 1499 Unused Serialized files (Serialized files now loaded: 0)
System memory in use before: 70.6 MB.
System memory in use after: 70.8 MB.

Unloading 14 unused Assets to reduce memory usage. Loaded Objects now: 1959.
Total: 2.371200 ms (FindLiveObjects: 0.120600 ms CreateObjectMapping: 0.039900 ms MarkObjects: 2.197500 ms  DeleteObjects: 0.012400 ms)

AssetImportParameters requested are different than current active one (requested -> active):
  custom:framework-win-MediaFoundation: 216162199b28c13a410421893ffa2e32 -> 
  custom:video-decoder-ogg-theora: a1e56fd34408186e4bbccfd4996cb3dc -> 
  custom:container-muxer-webm: aa71ff27fc2769a1b78a27578f13a17b -> 
  custom:container-demuxer-webm: 4f35f7cbe854078d1ac9338744f61a02 -> 
  custom:container-demuxer-ogg: 62fdf1f143b41e24485cea50d1cbac27 -> 
  custom:video-encoder-webm-vp8: eb34c28f22e8b96e1ab97ce403110664 -> 
  custom:video-decoder-webm-vp8: 9c59270c3fd7afecdb556c50c9e8de78 -> 
  custom:audio-decoder-ogg-vorbis: bf7c407c2cedff20999df2af8eb42d56 -> 
  custom:audio-encoder-webm-vorbis: bf7c407c2cedff20999df2af8eb42d56 -> 
========================================================================
Received Prepare
Registering precompiled user dll's ...
Registered in 0.002679 seconds.
Begin MonoManager ReloadAssembly
Native extension for WindowsStandalone target not found
Native extension for WebGL target not found
Refreshing native plugins compatible for Editor in 0.34 ms, found 2 plugins.
Preloading 0 native plugins for Editor in 0.00 ms.
Mono: successfully reloaded assembly
- Completed reload, in  0.727 seconds
Domain Reload Profiling:
	ReloadAssembly (728ms)
		BeginReloadAssembly (80ms)
			ExecutionOrderSort (0ms)
			DisableScriptedObjects (4ms)
			BackupInstance (0ms)
			ReleaseScriptingObjects (0ms)
			CreateAndSetChildDomain (24ms)
		EndReloadAssembly (598ms)
			LoadAssemblies (64ms)
			RebuildTransferFunctionScriptingTraits (0ms)
			SetupTypeCache (211ms)
			ReleaseScriptCaches (1ms)
			RebuildScriptCaches (30ms)
			SetupLoadedEditorAssemblies (216ms)
				LogAssemblyErrors (0ms)
				InitializePlatformSupportModulesInManaged (4ms)
				SetLoadedEditorAssemblies (0ms)
				RefreshPlugins (0ms)
				BeforeProcessingInitializeOnLoad (56ms)
				ProcessInitializeOnLoadAttributes (145ms)
				ProcessInitializeOnLoadMethodAttributes (6ms)
				AfterProcessingInitializeOnLoad (4ms)
				EditorAssembliesLoaded (0ms)
			ExecutionOrderSort2 (0ms)
			AwakeInstancesAfterBackupRestoration (5ms)
Platform modules already initialized, skipping
Refreshing native plugins compatible for Editor in 0.34 ms, found 2 plugins.
Preloading 0 native plugins for Editor in 0.00 ms.
Unloading 1499 Unused Serialized files (Serialized files now loaded: 0)
System memory in use before: 70.7 MB.
System memory in use after: 70.8 MB.

Unloading 14 unused Assets to reduce memory usage. Loaded Objects now: 1961.
Total: 2.836800 ms (FindLiveObjects: 0.227600 ms CreateObjectMapping: 0.044700 ms MarkObjects: 2.545200 ms  DeleteObjects: 0.018100 ms)

AssetImportParameters requested are different than current active one (requested -> active):
  custom:framework-win-MediaFoundation: 216162199b28c13a410421893ffa2e32 -> 
  custom:video-decoder-ogg-theora: a1e56fd34408186e4bbccfd4996cb3dc -> 
  custom:container-muxer-webm: aa71ff27fc2769a1b78a27578f13a17b -> 
  custom:container-demuxer-webm: 4f35f7cbe854078d1ac9338744f61a02 -> 
  custom:container-demuxer-ogg: 62fdf1f143b41e24485cea50d1cbac27 -> 
  custom:video-encoder-webm-vp8: eb34c28f22e8b96e1ab97ce403110664 -> 
  custom:video-decoder-webm-vp8: 9c59270c3fd7afecdb556c50c9e8de78 -> 
  custom:audio-decoder-ogg-vorbis: bf7c407c2cedff20999df2af8eb42d56 -> 
  custom:audio-encoder-webm-vorbis: bf7c407c2cedff20999df2af8eb42d56 -> 
========================================================================
Received Prepare
Registering precompiled user dll's ...
Registered in 0.002588 seconds.
Begin MonoManager ReloadAssembly
Native extension for WindowsStandalone target not found
Native extension for WebGL target not found
Refreshing native plugins compatible for Editor in 0.33 ms, found 2 plugins.
Preloading 0 native plugins for Editor in 0.00 ms.
Mono: successfully reloaded assembly
- Completed reload, in  0.722 seconds
Domain Reload Profiling:
	ReloadAssembly (722ms)
		BeginReloadAssembly (79ms)
			ExecutionOrderSort (0ms)
			DisableScriptedObjects (4ms)
			BackupInstance (0ms)
			ReleaseScriptingObjects (0ms)
			CreateAndSetChildDomain (24ms)
		EndReloadAssembly (594ms)
			LoadAssemblies (62ms)
			RebuildTransferFunctionScriptingTraits (0ms)
			SetupTypeCache (210ms)
			ReleaseScriptCaches (1ms)
			RebuildScriptCaches (30ms)
			SetupLoadedEditorAssemblies (215ms)
				LogAssemblyErrors (0ms)
				InitializePlatformSupportModulesInManaged (4ms)
				SetLoadedEditorAssemblies (0ms)
				RefreshPlugins (0ms)
				BeforeProcessingInitializeOnLoad (54ms)
				ProcessInitializeOnLoadAttributes (146ms)
				ProcessInitializeOnLoadMethodAttributes (6ms)
				AfterProcessingInitializeOnLoad (4ms)
				EditorAssembliesLoaded (0ms)
			ExecutionOrderSort2 (0ms)
			AwakeInstancesAfterBackupRestoration (6ms)
Platform modules already initialized, skipping
Refreshing native plugins compatible for Editor in 0.28 ms, found 2 plugins.
Preloading 0 native plugins for Editor in 0.00 ms.
Unloading 1499 Unused Serialized files (Serialized files now loaded: 0)
System memory in use before: 70.7 MB.
System memory in use after: 70.8 MB.

Unloading 14 unused Assets to reduce memory usage. Loaded Objects now: 1963.
Total: 2.425000 ms (FindLiveObjects: 0.123900 ms CreateObjectMapping: 0.034200 ms MarkObjects: 2.253700 ms  DeleteObjects: 0.012300 ms)

AssetImportParameters requested are different than current active one (requested -> active):
  custom:framework-win-MediaFoundation: 216162199b28c13a410421893ffa2e32 -> 
  custom:video-decoder-ogg-theora: a1e56fd34408186e4bbccfd4996cb3dc -> 
  custom:container-muxer-webm: aa71ff27fc2769a1b78a27578f13a17b -> 
  custom:container-demuxer-webm: 4f35f7cbe854078d1ac9338744f61a02 -> 
  custom:container-demuxer-ogg: 62fdf1f143b41e24485cea50d1cbac27 -> 
  custom:video-encoder-webm-vp8: eb34c28f22e8b96e1ab97ce403110664 -> 
  custom:video-decoder-webm-vp8: 9c59270c3fd7afecdb556c50c9e8de78 -> 
  custom:audio-decoder-ogg-vorbis: bf7c407c2cedff20999df2af8eb42d56 -> 
  custom:audio-encoder-webm-vorbis: bf7c407c2cedff20999df2af8eb42d56 -> 
========================================================================
Received Import Request.
  Time since last request: 184.671605 seconds.
  path: Assets/Block Game/Prefabs/Big Block.prefab
  artifactKey: Guid(620258cc376d1aa46bcd491f02247542) Importer(815301076,1909f56bfc062723c751e8b465ee728b)
Start importing Assets/Block Game/Prefabs/Big Block.prefab using Guid(620258cc376d1aa46bcd491f02247542) Importer(815301076,1909f56bfc062723c751e8b465ee728b)  -> (artifact id: '11109fd032d34e1c0645186175f1981d') in 0.046614 seconds 
  Import took 0.048810 seconds .

========================================================================
Received Import Request.
  Time since last request: 18.152820 seconds.
  path: Assets/Block Game/Prefabs/Medium Block.prefab
  artifactKey: Guid(04b936f65491aa546a988d2ab0f31842) Importer(815301076,1909f56bfc062723c751e8b465ee728b)
Start importing Assets/Block Game/Prefabs/Medium Block.prefab using Guid(04b936f65491aa546a988d2ab0f31842) Importer(815301076,1909f56bfc062723c751e8b465ee728b)  -> (artifact id: '37b4c79d73483f78478df5438f8377ea') in 0.010192 seconds 
  Import took 0.012449 seconds .

========================================================================
Received Import Request.
  Time since last request: 12.756969 seconds.
  path: Assets/Block Game/Prefabs/Large.prefab
  artifactKey: Guid(a09a836cecd1abb4fa2f10d00e87de64) Importer(815301076,1909f56bfc062723c751e8b465ee728b)
Start importing Assets/Block Game/Prefabs/Large.prefab using Guid(a09a836cecd1abb4fa2f10d00e87de64) Importer(815301076,1909f56bfc062723c751e8b465ee728b)  -> (artifact id: '61361ccf1d390c2ebc977003b289b741') in 0.011445 seconds 
  Import took 0.013803 seconds .

========================================================================
Received Import Request.
  Time since last request: 5.704922 seconds.
  path: Assets/Block Game/Prefabs/Large Block.prefab
  artifactKey: Guid(a09a836cecd1abb4fa2f10d00e87de64) Importer(815301076,1909f56bfc062723c751e8b465ee728b)
Start importing Assets/Block Game/Prefabs/Large Block.prefab using Guid(a09a836cecd1abb4fa2f10d00e87de64) Importer(815301076,1909f56bfc062723c751e8b465ee728b)  -> (artifact id: '581988d474c7573f13839e8058ec5083') in 0.011857 seconds 
  Import took 0.014208 seconds .

========================================================================
Received Import Request.
  Time since last request: 14.559822 seconds.
  path: Assets/Block Game/Prefabs/Small Block.prefab
  artifactKey: Guid(620258cc376d1aa46bcd491f02247542) Importer(815301076,1909f56bfc062723c751e8b465ee728b)
Start importing Assets/Block Game/Prefabs/Small Block.prefab using Guid(620258cc376d1aa46bcd491f02247542) Importer(815301076,1909f56bfc062723c751e8b465ee728b)  -> (artifact id: 'ee44c49b739ecaf72b7879ffdf70d037') in 0.012681 seconds 
  Import took 0.014993 seconds .

========================================================================
Received Prepare
Registering precompiled user dll's ...
Registered in 0.002701 seconds.
Begin MonoManager ReloadAssembly
Native extension for WindowsStandalone target not found
Native extension for WebGL target not found
Refreshing native plugins compatible for Editor in 0.36 ms, found 2 plugins.
Preloading 0 native plugins for Editor in 0.00 ms.
Mono: successfully reloaded assembly
- Completed reload, in  0.724 seconds
Domain Reload Profiling:
	ReloadAssembly (724ms)
		BeginReloadAssembly (76ms)
			ExecutionOrderSort (0ms)
			DisableScriptedObjects (3ms)
			BackupInstance (0ms)
			ReleaseScriptingObjects (0ms)
			CreateAndSetChildDomain (23ms)
		EndReloadAssembly (598ms)
			LoadAssemblies (62ms)
			RebuildTransferFunctionScriptingTraits (0ms)
			SetupTypeCache (208ms)
			ReleaseScriptCaches (1ms)
			RebuildScriptCaches (30ms)
			SetupLoadedEditorAssemblies (220ms)
				LogAssemblyErrors (0ms)
				InitializePlatformSupportModulesInManaged (4ms)
				SetLoadedEditorAssemblies (1ms)
				RefreshPlugins (0ms)
				BeforeProcessingInitializeOnLoad (54ms)
				ProcessInitializeOnLoadAttributes (151ms)
				ProcessInitializeOnLoadMethodAttributes (6ms)
				AfterProcessingInitializeOnLoad (4ms)
				EditorAssembliesLoaded (0ms)
			ExecutionOrderSort2 (0ms)
			AwakeInstancesAfterBackupRestoration (5ms)
Platform modules already initialized, skipping
Refreshing native plugins compatible for Editor in 0.30 ms, found 2 plugins.
Preloading 0 native plugins for Editor in 0.00 ms.
Unloading 1499 Unused Serialized files (Serialized files now loaded: 0)
System memory in use before: 70.7 MB.
System memory in use after: 70.8 MB.

Unloading 14 unused Assets to reduce memory usage. Loaded Objects now: 1966.
Total: 2.376400 ms (FindLiveObjects: 0.117000 ms CreateObjectMapping: 0.032100 ms MarkObjects: 2.213800 ms  DeleteObjects: 0.012200 ms)

AssetImportParameters requested are different than current active one (requested -> active):
  custom:framework-win-MediaFoundation: 216162199b28c13a410421893ffa2e32 -> 
  custom:video-decoder-ogg-theora: a1e56fd34408186e4bbccfd4996cb3dc -> 
  custom:container-muxer-webm: aa71ff27fc2769a1b78a27578f13a17b -> 
  custom:container-demuxer-webm: 4f35f7cbe854078d1ac9338744f61a02 -> 
  custom:container-demuxer-ogg: 62fdf1f143b41e24485cea50d1cbac27 -> 
  custom:video-encoder-webm-vp8: eb34c28f22e8b96e1ab97ce403110664 -> 
  custom:video-decoder-webm-vp8: 9c59270c3fd7afecdb556c50c9e8de78 -> 
  custom:audio-decoder-ogg-vorbis: bf7c407c2cedff20999df2af8eb42d56 -> 
  custom:audio-encoder-webm-vorbis: bf7c407c2cedff20999df2af8eb42d56 -> 
AssetImportWorkerClient::OnTransportError - code=2 error=End of file
